

================================================================
== Synthesis Summary Report of 'top'
================================================================
+ General Information: 
    * Date:           Mon Nov  7 03:00:06 2022
    * Version:        2022.1 (Build 3526262 on Mon Apr 18 15:47:01 MDT 2022)
    * Project:        proj_function_instantiate
    * Solution:       solution2 (Vivado IP Flow Target)
    * Product family: virtexuplus
    * Target device:  xcvu9p-flga2104-2-i
    

+ Performance & Resource Estimates: 
    
    PS: '+' for module; 'o' for loop; '*' for dataflow
    +--------+------+------+---------+--------+----------+---------+------+----------+------+----+---+----------+-----+
    | Modules| Issue|      | Latency | Latency| Iteration|         | Trip |          |      |    |   |          |     |
    | & Loops| Type | Slack| (cycles)|  (ns)  |  Latency | Interval| Count| Pipelined| BRAM | DSP| FF|    LUT   | URAM|
    +--------+------+------+---------+--------+----------+---------+------+----------+------+----+---+----------+-----+
    |+ top   |     -|  2.94|        0|   0.000|         -|        1|     -|        no|     -|   -|  -|  45 (~0%)|    -|
    | + foo  |     -|  2.94|        0|   0.000|         -|        0|     -|        no|     -|   -|  -|  15 (~0%)|    -|
    | + foo  |     -|  2.94|        0|   0.000|         -|        0|     -|        no|     -|   -|  -|  15 (~0%)|    -|
    | + foo  |     -|  2.94|        0|   0.000|         -|        0|     -|        no|     -|   -|  -|  15 (~0%)|    -|
    +--------+------+------+---------+--------+----------+---------+------+----------+------+----+---+----------+-----+


================================================================
== HW Interfaces
================================================================
* REGISTER
+-----------+---------+----------+
| Interface | Mode    | Bitwidth |
+-----------+---------+----------+
| inval1    | ap_none | 8        |
| inval2    | ap_none | 8        |
| inval3    | ap_none | 8        |
| outval1   | ap_none | 8        |
| outval2   | ap_none | 8        |
| outval3   | ap_none | 8        |
+-----------+---------+----------+

* TOP LEVEL CONTROL
+-----------+------------+-----------------------------------+
| Interface | Type       | Ports                             |
+-----------+------------+-----------------------------------+
| ap_ctrl   | ap_ctrl_hs | ap_done ap_idle ap_ready ap_start |
+-----------+------------+-----------------------------------+


================================================================
== SW I/O Information
================================================================
* Top Function Arguments
+----------+-----------+----------+
| Argument | Direction | Datatype |
+----------+-----------+----------+
| inval1   | in        | char     |
| inval2   | in        | char     |
| inval3   | in        | char     |
| outval1  | out       | char*    |
| outval2  | out       | char*    |
| outval3  | out       | char*    |
+----------+-----------+----------+

* SW-to-HW Mapping
+----------+----------------+---------+
| Argument | HW Interface   | HW Type |
+----------+----------------+---------+
| inval1   | inval1         | port    |
| inval2   | inval2         | port    |
| inval3   | inval3         | port    |
| outval1  | outval1        | port    |
| outval1  | outval1_ap_vld | port    |
| outval2  | outval2        | port    |
| outval2  | outval2_ap_vld | port    |
| outval3  | outval3        | port    |
| outval3  | outval3_ap_vld | port    |
+----------+----------------+---------+


================================================================
== Bind Op Report
================================================================
+--------------------------+-----+--------+----------+-----+--------+---------+
| Name                     | DSP | Pragma | Variable | Op  | Impl   | Latency |
+--------------------------+-----+--------+----------+-----+--------+---------+
| + top                    | 0   |        |          |     |        |         |
|  + foo (tmp_foo_fu_79)   | 0   |        |          |     |        |         |
|    ap_return             | -   |        | add_ln20 | add | fabric | 0       |
|  + foo (tmp_1_foo_fu_88) | 0   |        |          |     |        |         |
|    ap_return             | -   |        | add_ln20 | add | fabric | 0       |
|  + foo (tmp_2_foo_fu_97) | 0   |        |          |     |        |         |
|    ap_return             | -   |        | add_ln20 | add | fabric | 0       |
+--------------------------+-----+--------+----------+-----+--------+---------+


================================================================
== Bind Storage Report
================================================================
  No bind storage info in design

================================================================
== Pragma Report
================================================================
* Valid Pragma Syntax
+--------+---------+-----------------------+
| Type   | Options | Location              |
+--------+---------+-----------------------+
| inline | OFF     | example.cpp:18 in foo |
+--------+---------+-----------------------+


