

================================================================
== Vitis HLS Report for 'convolution_hw'
================================================================
* Date:           Sun Nov 20 18:53:12 2022

* Version:        2022.1 (Build 3526262 on Mon Apr 18 15:47:01 MDT 2022)
* Project:        cnn1120
* Solution:       solution1 (Vivado IP Flow Target)
* Product family: zynq
* Target device:  xc7z020-clg400-1


================================================================
== Performance Estimates
================================================================
+ Timing: 
    * Summary: 
    +--------+----------+----------+------------+
    |  Clock |  Target  | Estimated| Uncertainty|
    +--------+----------+----------+------------+
    |ap_clk  |  10.00 ns|  7.256 ns|     2.70 ns|
    +--------+----------+----------+------------+

+ Latency: 
    * Summary: 
    +----------+----------+-----------+-----------+----------+----------+---------+
    |   Latency (cycles)  |   Latency (absolute)  |       Interval      | Pipeline|
    |    min   |    max   |    min    |    max    |    min   |    max   |   Type  |
    +----------+----------+-----------+-----------+----------+----------+---------+
    |  36678657|  36678657|  0.367 sec|  0.367 sec|  36678658|  36678658|       no|
    +----------+----------+-----------+-----------+----------+----------+---------+

    + Detail: 
        * Instance: 
        +------------------------------------------------------------------------------------+-------------------------------------------------------------------------+---------+---------+----------+----------+-----+-----+---------+
        |                                                                                    |                                                                         |  Latency (cycles) |  Latency (absolute) |  Interval | Pipeline|
        |                                      Instance                                      |                                  Module                                 |   min   |   max   |    min   |    max   | min | max |   Type  |
        +------------------------------------------------------------------------------------+-------------------------------------------------------------------------+---------+---------+----------+----------+-----+-----+---------+
        |grp_convolution_hw_Pipeline_VITIS_LOOP_52_4_VITIS_LOOP_54_5_VITIS_LOOP_56_6_fu_115  |convolution_hw_Pipeline_VITIS_LOOP_52_4_VITIS_LOOP_54_5_VITIS_LOOP_56_6  |      728|      728|  7.280 us|  7.280 us|  728|  728|       no|
        +------------------------------------------------------------------------------------+-------------------------------------------------------------------------+---------+---------+----------+----------+-----+-----+---------+

        * Loop: 
        +---------------------------------------------------+----------+----------+----------+-----------+-----------+-------+----------+
        |                                                   |   Latency (cycles)  | Iteration|  Initiation Interval  |  Trip |          |
        |                     Loop Name                     |    min   |    max   |  Latency |  achieved |   target  | Count | Pipelined|
        +---------------------------------------------------+----------+----------+----------+-----------+-----------+-------+----------+
        |- VITIS_LOOP_44_1_VITIS_LOOP_46_2_VITIS_LOOP_48_3  |  36678656|  36678656|       731|          -|          -|  50176|        no|
        +---------------------------------------------------+----------+----------+----------+-----------+-----------+-------+----------+



================================================================
== Utilization Estimates
================================================================
* Summary: 
+-----------------+---------+-----+--------+-------+-----+
|       Name      | BRAM_18K| DSP |   FF   |  LUT  | URAM|
+-----------------+---------+-----+--------+-------+-----+
|DSP              |        -|    -|       -|      -|    -|
|Expression       |        -|    -|       0|    174|    -|
|FIFO             |        -|    -|       -|      -|    -|
|Instance         |        -|    5|     498|   1115|    -|
|Memory           |        -|    -|       -|      -|    -|
|Multiplexer      |        -|    -|       -|     70|    -|
|Register         |        -|    -|     133|      -|    -|
+-----------------+---------+-----+--------+-------+-----+
|Total            |        0|    5|     631|   1359|    0|
+-----------------+---------+-----+--------+-------+-----+
|Available        |      280|  220|  106400|  53200|    0|
+-----------------+---------+-----+--------+-------+-----+
|Utilization (%)  |        0|    2|      ~0|      2|    0|
+-----------------+---------+-----+--------+-------+-----+

+ Detail: 
    * Instance: 
    +------------------------------------------------------------------------------------+-------------------------------------------------------------------------+---------+----+-----+------+-----+
    |                                      Instance                                      |                                  Module                                 | BRAM_18K| DSP|  FF |  LUT | URAM|
    +------------------------------------------------------------------------------------+-------------------------------------------------------------------------+---------+----+-----+------+-----+
    |grp_convolution_hw_Pipeline_VITIS_LOOP_52_4_VITIS_LOOP_54_5_VITIS_LOOP_56_6_fu_115  |convolution_hw_Pipeline_VITIS_LOOP_52_4_VITIS_LOOP_54_5_VITIS_LOOP_56_6  |        0|   5|  498|  1115|    0|
    +------------------------------------------------------------------------------------+-------------------------------------------------------------------------+---------+----+-----+------+-----+
    |Total                                                                               |                                                                         |        0|   5|  498|  1115|    0|
    +------------------------------------------------------------------------------------+-------------------------------------------------------------------------+---------+----+-----+------+-----+

    * DSP: 
    N/A

    * Memory: 
    N/A

    * FIFO: 
    N/A

    * Expression: 
    +-------------------------+----------+----+---+----+------------+------------+
    |      Variable Name      | Operation| DSP| FF| LUT| Bitwidth P0| Bitwidth P1|
    +-------------------------+----------+----+---+----+------------+------------+
    |add_ln44_1_fu_200_p2     |         +|   0|  0|  14|           6|           1|
    |add_ln44_fu_168_p2       |         +|   0|  0|  23|          16|           1|
    |add_ln46_1_fu_286_p2     |         +|   0|  0|  12|          11|           1|
    |add_ln46_fu_237_p2       |         +|   0|  0|  14|           6|           1|
    |add_ln48_fu_266_p2       |         +|   0|  0|  13|           5|           1|
    |p_mid115_fu_252_p2       |         +|   0|  0|  14|           7|           2|
    |and_ln44_fu_231_p2       |       and|   0|  0|   2|           1|           1|
    |cmp34_mid117_fu_259_p2   |      icmp|   0|  0|  10|           7|           6|
    |icmp_ln44_fu_162_p2      |      icmp|   0|  0|  13|          16|          15|
    |icmp_ln46_fu_186_p2      |      icmp|   0|  0|  11|          11|          10|
    |icmp_ln48_fu_225_p2      |      icmp|   0|  0|  10|           5|           6|
    |or_ln48_fu_272_p2        |        or|   0|  0|   2|           1|           1|
    |select_ln44_1_fu_206_p3  |    select|   0|  0|   6|           1|           6|
    |select_ln44_fu_192_p3    |    select|   0|  0|   6|           1|           1|
    |select_ln46_1_fu_292_p3  |    select|   0|  0|  11|           1|           1|
    |select_ln46_fu_243_p3    |    select|   0|  0|   6|           1|           6|
    |select_ln48_fu_278_p3    |    select|   0|  0|   5|           1|           1|
    |xor_ln44_fu_219_p2       |       xor|   0|  0|   2|           1|           2|
    +-------------------------+----------+----+---+----+------------+------------+
    |Total                    |          |   0|  0| 174|          98|          63|
    +-------------------------+----------+----+---+----+------------+------------+

    * Multiplexer: 
    +------------------------+----+-----------+-----+-----------+
    |          Name          | LUT| Input Size| Bits| Total Bits|
    +------------------------+----+-----------+-----+-----------+
    |ap_NS_fsm               |  25|          5|    1|          5|
    |c_fu_76                 |   9|          2|    6|         12|
    |indvar_flatten34_fu_80  |   9|          2|   11|         22|
    |indvar_flatten50_fu_88  |   9|          2|   16|         32|
    |m_fu_72                 |   9|          2|    5|         10|
    |r_fu_84                 |   9|          2|    6|         12|
    +------------------------+----+-----------+-----+-----------+
    |Total                   |  70|         15|   45|         93|
    +------------------------+----+-----------+-----+-----------+

    * Register: 
    +-------------------------------------------------------------------------------------------------+----+----+-----+-----------+
    |                                               Name                                              | FF | LUT| Bits| Const Bits|
    +-------------------------------------------------------------------------------------------------+----+----+-----+-----------+
    |ap_CS_fsm                                                                                        |   4|   0|    4|          0|
    |bitcast_ln66_reg_373                                                                             |  32|   0|   32|          0|
    |c_fu_76                                                                                          |   6|   0|    6|          0|
    |cmp34_mid117_reg_402                                                                             |   1|   0|    1|          0|
    |grp_convolution_hw_Pipeline_VITIS_LOOP_52_4_VITIS_LOOP_54_5_VITIS_LOOP_56_6_fu_115_ap_start_reg  |   1|   0|    1|          0|
    |indvar_flatten34_fu_80                                                                           |  11|   0|   11|          0|
    |indvar_flatten50_fu_88                                                                           |  16|   0|   16|          0|
    |m_fu_72                                                                                          |   5|   0|    5|          0|
    |p_mid115_reg_397                                                                                 |   7|   0|    7|          0|
    |r_fu_84                                                                                          |   6|   0|    6|          0|
    |ret_reg_378                                                                                      |  32|   0|   32|          0|
    |select_ln44_1_reg_386                                                                            |   6|   0|    6|          0|
    |select_ln46_reg_391                                                                              |   6|   0|    6|          0|
    +-------------------------------------------------------------------------------------------------+----+----+-----+-----------+
    |Total                                                                                            | 133|   0|  133|          0|
    +-------------------------------------------------------------------------------------------------+----+----+-----+-----------+



================================================================
== Interface
================================================================
* Summary: 
+------------+-----+-----+------------+----------------+--------------+
|  RTL Ports | Dir | Bits|  Protocol  |  Source Object |    C Type    |
+------------+-----+-----+------------+----------------+--------------+
|ap_clk      |   in|    1|  ap_ctrl_hs|  convolution_hw|  return value|
|ap_rst      |   in|    1|  ap_ctrl_hs|  convolution_hw|  return value|
|ap_start    |   in|    1|  ap_ctrl_hs|  convolution_hw|  return value|
|ap_done     |  out|    1|  ap_ctrl_hs|  convolution_hw|  return value|
|ap_idle     |  out|    1|  ap_ctrl_hs|  convolution_hw|  return value|
|ap_ready    |  out|    1|  ap_ctrl_hs|  convolution_hw|  return value|
|ifm         |   in|   32|     ap_none|             ifm|       pointer|
|ofm         |  out|   32|      ap_vld|             ofm|       pointer|
|ofm_ap_vld  |  out|    1|      ap_vld|             ofm|       pointer|
|weight      |   in|   32|     ap_none|          weight|       pointer|
+------------+-----+-----+------------+----------------+--------------+

